2020-03-16 22:17:33 INFO  GitHubRepoProcessor:46 - Starting the Processing...
2020-03-16 22:17:34 INFO  ApplicationProperties:19 - Loading the application properties from Application.properties file....
2020-03-16 22:17:35 INFO  ApplicationProperties:25 - Application properties loaded successfully...
2020-03-16 22:17:35 INFO  GitHubRepoProcessor:53 - Received a request to clone or update the deposits from customer repositories... 
2020-03-16 22:17:36 INFO  GitHubRepoProcessor:131 - Setting up proxy server... 
2020-03-16 22:17:36 INFO  GitHubRepoProcessor:136 - Proxy Server ip - : 192.168.1.101 Proxy Server Port is - 80
2020-03-16 22:17:36 INFO  GitHubRepoProcessor:168 - Proxy Server setup successfully... 
2020-03-16 22:17:37 INFO  GithubFileService:26 - Loading the GitHub Users details...
2020-03-16 22:17:39 INFO  GithubFileService:39 - GitHub Users details loaded successfully ...
2020-03-16 22:17:39 INFO  GitHubRepoProcessor:70 - Processing repository for customer with Company Name - Menda-dev
2020-03-16 22:17:40 INFO  GitHubRepoProcessor:85 - Clone the repository for customer Menda-dev
2020-03-17 15:37:11 INFO  GitHubRepoProcessor:46 - Starting the Processing...
2020-03-17 15:37:11 INFO  ApplicationProperties:19 - Loading the application properties from Application.properties file....
2020-03-17 15:37:12 INFO  ApplicationProperties:25 - Application properties loaded successfully...
2020-03-17 15:37:13 INFO  GitHubRepoProcessor:53 - Received a request to clone or update the deposits from customer repositories... 
2020-03-17 15:37:13 INFO  GitHubRepoProcessor:131 - Setting up proxy server... 
2020-03-17 15:37:13 INFO  GitHubRepoProcessor:136 - Proxy Server ip - : 192.168.1.101 Proxy Server Port is - 80
2020-03-17 15:37:14 INFO  GitHubRepoProcessor:168 - Proxy Server setup successfully... 
2020-03-17 15:37:15 INFO  GithubFileService:26 - Loading the GitHub Users details...
2020-03-17 15:37:17 INFO  GithubFileService:39 - GitHub Users details loaded successfully ...
2020-03-17 15:37:18 INFO  GitHubRepoProcessor:70 - Processing repository for customer with Company Name - Menda-dev
2020-03-17 15:37:18 INFO  GitHubRepoProcessor:85 - Clone the repository for customer Menda-dev
2020-03-17 06:50:59 INFO  GitHubRepoProcessor:46 - Starting the Processing...
2020-03-17 06:50:59 INFO  ApplicationProperties:19 - Loading the application properties from Application.properties file....
2020-03-17 06:50:59 INFO  ApplicationProperties:25 - Application properties loaded successfully...
2020-03-17 06:50:59 INFO  GitHubRepoProcessor:53 - Received a request to clone or update the deposits from customer repositories... 
2020-03-17 06:50:59 INFO  GitHubRepoProcessor:131 - Setting up proxy server... 
2020-03-17 06:50:59 INFO  GitHubRepoProcessor:136 - Proxy Server ip - : 192.168.1.101 Proxy Server Port is - 80
2020-03-17 06:50:59 INFO  GitHubRepoProcessor:168 - Proxy Server setup successfully... 
2020-03-17 06:50:59 INFO  GithubFileService:26 - Loading the GitHub Users details...
2020-03-17 06:50:59 INFO  GithubFileService:39 - GitHub Users details loaded successfully ...
2020-03-17 06:50:59 INFO  GitHubRepoProcessor:70 - Processing repository for customer with Company Name - Menda-dev
2020-03-17 06:50:59 INFO  GitHubRepoProcessor:75 - Pull the updates for repository for customer Menda-dev
2020-03-17 06:50:59 ERROR GitHubRepoProcessor:106 - Error while cloning or pulling the repository for  customer with Company Name - Menda-dev. Error is - org.eclipse.jgit.errors.RepositoryNotFoundException: repository not found: \\dmsstor_pp.nus.ironmountain.com\docdata\IPM\Github\input\repo\116866
2020-03-17 06:50:59 INFO  GitHubRepoProcessor:70 - Processing repository for customer with Company Name - Menda-dev
2020-03-17 06:50:59 INFO  GitHubRepoProcessor:75 - Pull the updates for repository for customer Menda-dev
2020-03-17 06:50:59 ERROR GitHubRepoProcessor:106 - Error while cloning or pulling the repository for  customer with Company Name - Menda-dev. Error is - org.eclipse.jgit.errors.RepositoryNotFoundException: repository not found: \\dmsstor_pp.nus.ironmountain.com\docdata\IPM\Github\input\repo\116866
2020-03-17 06:50:59 INFO  GitHubRepoProcessor:70 - Processing repository for customer with Company Name - sindhu-repo
2020-03-17 06:50:59 INFO  GitHubRepoProcessor:85 - Clone the repository for customer sindhu-repo
2020-03-17 06:51:07 INFO  GitHubRepoProcessor:144 - Connecting through proxy server... 
2020-03-17 06:51:07 INFO  GitHubRepoProcessor:146 - Hitting the HTTPS github URL... 
2020-03-17 06:51:09 ERROR GitHubRepoProcessor:102 - Error while connecting to repository - org.eclipse.jgit.api.errors.TransportException: https://github.com/sujeetsindhu/DepositFiles.git: cannot open git-upload-pack
2020-03-17 06:51:09 INFO  GitHubRepoProcessor:70 - Processing repository for customer with Company Name - sindhu-repo
2020-03-17 06:51:09 INFO  GitHubRepoProcessor:85 - Clone the repository for customer sindhu-repo
2020-03-17 06:51:09 INFO  GitHubRepoProcessor:144 - Connecting through proxy server... 
2020-03-17 06:51:09 INFO  GitHubRepoProcessor:146 - Hitting the HTTPS github URL... 
2020-03-17 06:51:11 ERROR GitHubRepoProcessor:99 - Not connecting to repository for the customer with company Id - 116861
2020-03-17 06:51:11 ERROR GitHubRepoProcessor:102 - Error while connecting to repository - org.eclipse.jgit.api.errors.TransportException: https://github.com/sujeetsindhu/DepositFiles.git: cannot open git-upload-pack
2020-03-17 06:51:11 INFO  GitHubRepoProcessor:184 - sourceDir.toFile().getName() - repo
2020-03-17 06:51:11 INFO  GitHubRepoProcessor:184 - sourceDir.toFile().getName() - 116866
2020-03-17 06:51:11 INFO  GitHubRepoProcessor:184 - sourceDir.toFile().getName() - .git
2020-03-17 06:51:11 INFO  GitHubRepoProcessor:188 - Ignore .git folder to copy..
2020-03-17 06:51:11 INFO  GitHubRepoProcessor:122 - All deposit repositories processed successfully.... 
2020-03-17 11:33:50 INFO  GitHubRepoProcessor:46 - Starting the Processing...
2020-03-17 11:33:50 INFO  ApplicationProperties:19 - Loading the application properties from Application.properties file....
2020-03-17 11:33:50 INFO  ApplicationProperties:25 - Application properties loaded successfully...
2020-03-17 11:33:50 INFO  GitHubRepoProcessor:53 - Received a request to clone or update the deposits from customer repositories... 
2020-03-17 11:33:50 INFO  GitHubRepoProcessor:131 - Setting up proxy server... 
2020-03-17 11:33:50 INFO  GitHubRepoProcessor:136 - Proxy Server ip - : 192.168.1.101 Proxy Server Port is - 80
2020-03-17 11:33:50 INFO  GitHubRepoProcessor:168 - Proxy Server setup successfully... 
2020-03-17 11:33:50 INFO  GithubFileService:26 - Loading the GitHub Users details...
2020-03-17 11:33:50 INFO  GithubFileService:39 - GitHub Users details loaded successfully ...
2020-03-17 11:33:50 INFO  GitHubRepoProcessor:70 - Processing repository for customer with Company Name - Menda-dev
2020-03-17 11:33:50 INFO  GitHubRepoProcessor:75 - Pull the updates for repository for customer Menda-dev
2020-03-17 11:33:50 ERROR GitHubRepoProcessor:106 - Error while cloning or pulling the repository for  customer with Company Name - Menda-dev. Error is - org.eclipse.jgit.errors.RepositoryNotFoundException: repository not found: \\dmsstor_pp.nus.ironmountain.com\docdata\IPM\Github\input\repo\116866
2020-03-17 11:33:50 INFO  GitHubRepoProcessor:70 - Processing repository for customer with Company Name - Menda-dev
2020-03-17 11:33:50 INFO  GitHubRepoProcessor:75 - Pull the updates for repository for customer Menda-dev
2020-03-17 11:33:50 ERROR GitHubRepoProcessor:106 - Error while cloning or pulling the repository for  customer with Company Name - Menda-dev. Error is - org.eclipse.jgit.errors.RepositoryNotFoundException: repository not found: \\dmsstor_pp.nus.ironmountain.com\docdata\IPM\Github\input\repo\116866
2020-03-17 11:33:50 INFO  GitHubRepoProcessor:70 - Processing repository for customer with Company Name - sindhu-repo
2020-03-17 11:33:50 INFO  GitHubRepoProcessor:85 - Clone the repository for customer sindhu-repo
2020-03-17 11:33:58 INFO  GitHubRepoProcessor:144 - Connecting through proxy server... 
2020-03-17 11:33:58 INFO  GitHubRepoProcessor:146 - Hitting the HTTPS github URL... 
2020-03-17 11:34:00 ERROR GitHubRepoProcessor:102 - Error while connecting to repository - org.eclipse.jgit.api.errors.TransportException: https://github.com/sujeetsindhu/DepositFiles.git: cannot open git-upload-pack
2020-03-17 11:34:00 INFO  GitHubRepoProcessor:70 - Processing repository for customer with Company Name - sindhu-repo
2020-03-17 11:34:00 INFO  GitHubRepoProcessor:85 - Clone the repository for customer sindhu-repo
2020-03-17 11:34:00 INFO  GitHubRepoProcessor:144 - Connecting through proxy server... 
2020-03-17 11:34:00 INFO  GitHubRepoProcessor:146 - Hitting the HTTPS github URL... 
2020-03-17 11:34:02 ERROR GitHubRepoProcessor:99 - Not connecting to repository for the customer with company Id - 116861
2020-03-17 11:34:02 ERROR GitHubRepoProcessor:102 - Error while connecting to repository - org.eclipse.jgit.api.errors.TransportException: https://github.com/sujeetsindhu/DepositFiles.git: cannot open git-upload-pack
2020-03-17 11:34:02 INFO  GitHubRepoProcessor:184 - sourceDir.toFile().getName() - repo
2020-03-17 11:34:02 INFO  GitHubRepoProcessor:184 - sourceDir.toFile().getName() - 116866
2020-03-17 11:34:02 INFO  GitHubRepoProcessor:184 - sourceDir.toFile().getName() - .git
2020-03-17 11:34:02 INFO  GitHubRepoProcessor:188 - Ignore .git folder to copy..
2020-03-17 11:34:02 INFO  GitHubRepoProcessor:122 - All deposit repositories processed successfully.... 
2020-03-17 11:35:59 INFO  GitHubRepoProcessor:46 - Starting the Processing...
2020-03-17 11:35:59 INFO  ApplicationProperties:19 - Loading the application properties from Application.properties file....
2020-03-17 11:35:59 INFO  ApplicationProperties:25 - Application properties loaded successfully...
2020-03-17 11:35:59 INFO  GitHubRepoProcessor:53 - Received a request to clone or update the deposits from customer repositories... 
2020-03-17 11:35:59 INFO  GitHubRepoProcessor:131 - Setting up proxy server... 
2020-03-17 11:35:59 INFO  GitHubRepoProcessor:136 - Proxy Server ip - : 192.168.97.41 Proxy Server Port is - 44500
2020-03-17 11:35:59 INFO  GitHubRepoProcessor:168 - Proxy Server setup successfully... 
2020-03-17 11:35:59 INFO  GithubFileService:26 - Loading the GitHub Users details...
2020-03-17 11:35:59 INFO  GithubFileService:39 - GitHub Users details loaded successfully ...
2020-03-17 11:35:59 INFO  GitHubRepoProcessor:70 - Processing repository for customer with Company Name - Menda-dev
2020-03-17 11:35:59 INFO  GitHubRepoProcessor:75 - Pull the updates for repository for customer Menda-dev
2020-03-17 11:35:59 ERROR GitHubRepoProcessor:106 - Error while cloning or pulling the repository for  customer with Company Name - Menda-dev. Error is - org.eclipse.jgit.errors.RepositoryNotFoundException: repository not found: \\dmsstor_pp.nus.ironmountain.com\docdata\IPM\Github\input\repo\116866
2020-03-17 11:35:59 INFO  GitHubRepoProcessor:70 - Processing repository for customer with Company Name - Menda-dev
2020-03-17 11:35:59 INFO  GitHubRepoProcessor:75 - Pull the updates for repository for customer Menda-dev
2020-03-17 11:35:59 ERROR GitHubRepoProcessor:106 - Error while cloning or pulling the repository for  customer with Company Name - Menda-dev. Error is - org.eclipse.jgit.errors.RepositoryNotFoundException: repository not found: \\dmsstor_pp.nus.ironmountain.com\docdata\IPM\Github\input\repo\116866
2020-03-17 11:35:59 INFO  GitHubRepoProcessor:70 - Processing repository for customer with Company Name - sindhu-repo
2020-03-17 11:35:59 INFO  GitHubRepoProcessor:85 - Clone the repository for customer sindhu-repo
2020-03-17 11:36:00 INFO  GitHubRepoProcessor:144 - Connecting through proxy server... 
2020-03-17 11:36:00 INFO  GitHubRepoProcessor:146 - Hitting the HTTPS github URL... 
2020-03-17 11:36:01 ERROR GitHubRepoProcessor:102 - Error while connecting to repository - org.eclipse.jgit.api.errors.TransportException: https://github.com/sujeetsindhu/DepositFiles.git: cannot open git-upload-pack
2020-03-17 11:36:01 INFO  GitHubRepoProcessor:70 - Processing repository for customer with Company Name - sindhu-repo
2020-03-17 11:36:01 INFO  GitHubRepoProcessor:85 - Clone the repository for customer sindhu-repo
2020-03-17 11:36:02 INFO  GitHubRepoProcessor:144 - Connecting through proxy server... 
2020-03-17 11:36:02 INFO  GitHubRepoProcessor:146 - Hitting the HTTPS github URL... 
2020-03-17 11:36:02 ERROR GitHubRepoProcessor:99 - Not connecting to repository for the customer with company Id - 116861
2020-03-17 11:36:02 ERROR GitHubRepoProcessor:102 - Error while connecting to repository - org.eclipse.jgit.api.errors.TransportException: https://github.com/sujeetsindhu/DepositFiles.git: cannot open git-upload-pack
2020-03-17 11:36:02 INFO  GitHubRepoProcessor:184 - sourceDir.toFile().getName() - repo
2020-03-17 11:36:02 INFO  GitHubRepoProcessor:184 - sourceDir.toFile().getName() - 116866
2020-03-17 11:36:02 INFO  GitHubRepoProcessor:184 - sourceDir.toFile().getName() - .git
2020-03-17 11:36:02 INFO  GitHubRepoProcessor:188 - Ignore .git folder to copy..
2020-03-17 11:36:02 INFO  GitHubRepoProcessor:122 - All deposit repositories processed successfully.... 
2020-03-18 05:40:17 INFO  GitHubRepoProcessor:46 - Starting the Processing...
2020-03-18 05:40:17 INFO  ApplicationProperties:19 - Loading the application properties from Application.properties file....
2020-03-18 05:40:17 INFO  ApplicationProperties:25 - Application properties loaded successfully...
2020-03-18 05:40:17 INFO  GitHubRepoProcessor:53 - Received a request to clone or update the deposits from customer repositories... 
2020-03-18 05:40:17 INFO  GithubFileService:26 - Loading the GitHub Users details...
2020-03-18 05:40:17 INFO  GithubFileService:39 - GitHub Users details loaded successfully ...
2020-03-18 05:40:17 INFO  GitHubRepoProcessor:70 - Processing repository for customer with Company Name - Menda-dev
2020-03-18 05:40:17 INFO  GitHubRepoProcessor:85 - Clone the repository for customer Menda-dev
2020-03-18 05:40:41 ERROR GitHubRepoProcessor:102 - Error while connecting to repository - org.eclipse.jgit.api.errors.TransportException: https://github.com/mlukusa/GitHubDepositFiles.git: cannot open git-upload-pack
2020-03-18 05:40:41 INFO  GitHubRepoProcessor:70 - Processing repository for customer with Company Name - Menda-dev
2020-03-18 05:40:41 INFO  GitHubRepoProcessor:85 - Clone the repository for customer Menda-dev
2020-03-18 05:41:02 ERROR GitHubRepoProcessor:99 - Not connecting to repository for the customer with company Id - 116866
2020-03-18 05:41:02 ERROR GitHubRepoProcessor:102 - Error while connecting to repository - org.eclipse.jgit.api.errors.TransportException: https://github.com/mlukusa/GitHubDepositFiles.git: cannot open git-upload-pack
2020-03-18 05:41:02 INFO  GitHubRepoProcessor:70 - Processing repository for customer with Company Name - sindhu-repo
2020-03-18 05:41:02 INFO  GitHubRepoProcessor:85 - Clone the repository for customer sindhu-repo
2020-03-18 05:41:24 ERROR GitHubRepoProcessor:102 - Error while connecting to repository - org.eclipse.jgit.api.errors.TransportException: https://github.com/sujeetsindhu/DepositFiles.git: cannot open git-upload-pack
2020-03-18 05:41:24 INFO  GitHubRepoProcessor:70 - Processing repository for customer with Company Name - sindhu-repo
2020-03-18 05:41:24 INFO  GitHubRepoProcessor:85 - Clone the repository for customer sindhu-repo
2020-03-18 05:58:23 INFO  GitHubRepoProcessor:46 - Starting the Processing...
2020-03-18 05:58:23 INFO  ApplicationProperties:19 - Loading the application properties from Application.properties file....
2020-03-18 05:58:23 INFO  ApplicationProperties:25 - Application properties loaded successfully...
2020-03-18 05:58:23 INFO  GitHubRepoProcessor:53 - Received a request to clone or update the deposits from customer repositories... 
2020-03-18 05:58:23 INFO  GitHubRepoProcessor:131 - Setting up proxy server... 
2020-03-18 05:58:23 INFO  GitHubRepoProcessor:136 - Proxy Server ip - : 192.168.97.41 Proxy Server Port is - 44500
2020-03-18 05:58:23 INFO  GitHubRepoProcessor:168 - Proxy Server setup successfully... 
2020-03-18 05:58:23 INFO  GithubFileService:26 - Loading the GitHub Users details...
2020-03-18 05:58:23 INFO  GithubFileService:39 - GitHub Users details loaded successfully ...
2020-03-18 05:58:23 INFO  GitHubRepoProcessor:70 - Processing repository for customer with Company Name - Menda-dev
2020-03-18 05:58:23 INFO  GitHubRepoProcessor:85 - Clone the repository for customer Menda-dev
2020-03-18 05:58:24 INFO  GitHubRepoProcessor:144 - Connecting through proxy server... 
2020-03-18 05:58:24 INFO  GitHubRepoProcessor:146 - Hitting the HTTPS github URL... 
2020-03-18 05:58:25 ERROR GitHubRepoProcessor:102 - Error while connecting to repository - org.eclipse.jgit.api.errors.TransportException: https://github.com/mlukusa/GitHubDepositFiles.git: cannot open git-upload-pack
2020-03-18 05:58:25 INFO  GitHubRepoProcessor:70 - Processing repository for customer with Company Name - Menda-dev
2020-03-18 05:58:25 INFO  GitHubRepoProcessor:85 - Clone the repository for customer Menda-dev
2020-03-18 05:58:25 INFO  GitHubRepoProcessor:144 - Connecting through proxy server... 
2020-03-18 05:58:25 INFO  GitHubRepoProcessor:146 - Hitting the HTTPS github URL... 
2020-03-18 05:58:26 ERROR GitHubRepoProcessor:99 - Not connecting to repository for the customer with company Id - 116866
2020-03-18 05:58:26 ERROR GitHubRepoProcessor:102 - Error while connecting to repository - org.eclipse.jgit.api.errors.TransportException: https://github.com/mlukusa/GitHubDepositFiles.git: cannot open git-upload-pack
2020-03-18 05:58:26 INFO  GitHubRepoProcessor:70 - Processing repository for customer with Company Name - sindhu-repo
2020-03-18 05:58:26 INFO  GitHubRepoProcessor:85 - Clone the repository for customer sindhu-repo
2020-03-18 05:58:26 INFO  GitHubRepoProcessor:144 - Connecting through proxy server... 
2020-03-18 05:58:26 INFO  GitHubRepoProcessor:146 - Hitting the HTTPS github URL... 
2020-03-18 05:58:27 ERROR GitHubRepoProcessor:102 - Error while connecting to repository - org.eclipse.jgit.api.errors.TransportException: https://github.com/sujeetsindhu/DepositFiles.git: cannot open git-upload-pack
2020-03-18 05:58:27 INFO  GitHubRepoProcessor:70 - Processing repository for customer with Company Name - sindhu-repo
2020-03-18 05:58:27 INFO  GitHubRepoProcessor:85 - Clone the repository for customer sindhu-repo
2020-03-18 05:58:27 INFO  GitHubRepoProcessor:144 - Connecting through proxy server... 
2020-03-18 05:58:27 INFO  GitHubRepoProcessor:146 - Hitting the HTTPS github URL... 
2020-03-18 05:58:27 ERROR GitHubRepoProcessor:99 - Not connecting to repository for the customer with company Id - 116861
2020-03-18 05:58:27 ERROR GitHubRepoProcessor:102 - Error while connecting to repository - org.eclipse.jgit.api.errors.TransportException: https://github.com/sujeetsindhu/DepositFiles.git: cannot open git-upload-pack
2020-03-18 05:58:27 INFO  GitHubRepoProcessor:184 - sourceDir.toFile().getName() - repo
2020-03-18 05:58:27 INFO  GitHubRepoProcessor:122 - All deposit repositories processed successfully.... 
2020-03-19 06:03:27 INFO  GitHubRepoProcessor:46 - Starting the Processing...
2020-03-19 06:03:27 INFO  ApplicationProperties:19 - Loading the application properties from Application.properties file....
2020-03-19 06:03:27 INFO  ApplicationProperties:25 - Application properties loaded successfully...
2020-03-19 06:03:27 INFO  GitHubRepoProcessor:53 - Received a request to clone or update the deposits from customer repositories... 
2020-03-19 06:03:27 INFO  GitHubRepoProcessor:131 - Setting up proxy server... 
2020-03-19 06:03:27 INFO  GitHubRepoProcessor:136 - Proxy Server ip - : 192.168.97.41 Proxy Server Port is - 44500
2020-03-19 06:03:27 INFO  GitHubRepoProcessor:165 - Proxy Server setup successfully... 
2020-03-19 06:03:27 INFO  GithubFileService:26 - Loading the GitHub Users details...
2020-03-19 06:03:27 INFO  GithubFileService:39 - GitHub Users details loaded successfully ...
2020-03-19 06:03:27 INFO  GitHubRepoProcessor:70 - Processing repository for customer with Company Name - Menda-dev
2020-03-19 06:03:27 INFO  GitHubRepoProcessor:85 - Clone the repository for customer Menda-dev
2020-03-19 06:03:30 ERROR GitHubRepoProcessor:102 - Error while connecting to repository - org.eclipse.jgit.api.errors.TransportException: https://github.com/mlukusa/GitHubDepositFiles.git: cannot open git-upload-pack
2020-03-19 06:03:30 INFO  GitHubRepoProcessor:70 - Processing repository for customer with Company Name - Menda-dev
2020-03-19 06:03:30 INFO  GitHubRepoProcessor:85 - Clone the repository for customer Menda-dev
2020-03-19 06:03:32 ERROR GitHubRepoProcessor:99 - Not connecting to repository for the customer with company Id - 116866
2020-03-19 06:03:32 ERROR GitHubRepoProcessor:102 - Error while connecting to repository - org.eclipse.jgit.api.errors.TransportException: https://github.com/mlukusa/GitHubDepositFiles.git: cannot open git-upload-pack
2020-03-19 06:03:32 INFO  GitHubRepoProcessor:70 - Processing repository for customer with Company Name - sindhu-repo
2020-03-19 06:03:32 INFO  GitHubRepoProcessor:85 - Clone the repository for customer sindhu-repo
2020-03-19 06:03:34 ERROR GitHubRepoProcessor:102 - Error while connecting to repository - org.eclipse.jgit.api.errors.TransportException: https://github.com/sujeetsindhu/DepositFiles.git: cannot open git-upload-pack
2020-03-19 06:03:34 INFO  GitHubRepoProcessor:70 - Processing repository for customer with Company Name - sindhu-repo
2020-03-19 06:03:34 INFO  GitHubRepoProcessor:85 - Clone the repository for customer sindhu-repo
2020-03-19 06:03:35 ERROR GitHubRepoProcessor:99 - Not connecting to repository for the customer with company Id - 116861
2020-03-19 06:03:35 ERROR GitHubRepoProcessor:102 - Error while connecting to repository - org.eclipse.jgit.api.errors.TransportException: https://github.com/sujeetsindhu/DepositFiles.git: cannot open git-upload-pack
2020-03-19 06:03:35 INFO  GitHubRepoProcessor:181 - sourceDir.toFile().getName() - repo
2020-03-19 06:03:35 INFO  GitHubRepoProcessor:122 - All deposit repositories processed successfully.... 
2020-03-19 06:04:58 INFO  GitHubRepoProcessor:46 - Starting the Processing...
2020-03-19 06:04:58 INFO  ApplicationProperties:19 - Loading the application properties from Application.properties file....
2020-03-19 06:04:58 INFO  ApplicationProperties:25 - Application properties loaded successfully...
2020-03-19 06:04:58 INFO  GitHubRepoProcessor:53 - Received a request to clone or update the deposits from customer repositories... 
2020-03-19 06:04:58 INFO  GitHubRepoProcessor:131 - Setting up proxy server... 
2020-03-19 06:04:58 INFO  GitHubRepoProcessor:136 - Proxy Server ip - : 192.168.97.41 Proxy Server Port is - 44500
2020-03-19 06:04:58 INFO  GitHubRepoProcessor:165 - Proxy Server setup successfully... 
2020-03-19 06:04:58 INFO  GithubFileService:26 - Loading the GitHub Users details...
2020-03-19 06:04:58 INFO  GithubFileService:39 - GitHub Users details loaded successfully ...
2020-03-19 06:04:58 INFO  GitHubRepoProcessor:70 - Processing repository for customer with Company Name - Menda-dev
2020-03-19 06:04:58 INFO  GitHubRepoProcessor:85 - Clone the repository for customer Menda-dev
2020-03-19 06:05:01 ERROR GitHubRepoProcessor:102 - Error while connecting to repository - org.eclipse.jgit.api.errors.TransportException: https://github.com/mlukusa/GitHubDepositFiles.git: cannot open git-upload-pack
2020-03-19 06:05:01 INFO  GitHubRepoProcessor:70 - Processing repository for customer with Company Name - Menda-dev
2020-03-19 06:05:01 INFO  GitHubRepoProcessor:85 - Clone the repository for customer Menda-dev
2020-03-19 06:05:03 ERROR GitHubRepoProcessor:99 - Not connecting to repository for the customer with company Id - 116866
2020-03-19 06:05:03 ERROR GitHubRepoProcessor:102 - Error while connecting to repository - org.eclipse.jgit.api.errors.TransportException: https://github.com/mlukusa/GitHubDepositFiles.git: cannot open git-upload-pack
2020-03-19 06:05:03 INFO  GitHubRepoProcessor:70 - Processing repository for customer with Company Name - sindhu-repo
2020-03-19 06:05:03 INFO  GitHubRepoProcessor:85 - Clone the repository for customer sindhu-repo
2020-03-19 06:05:05 ERROR GitHubRepoProcessor:102 - Error while connecting to repository - org.eclipse.jgit.api.errors.TransportException: https://github.com/sujeetsindhu/DepositFiles.git: cannot open git-upload-pack
2020-03-19 06:05:05 INFO  GitHubRepoProcessor:70 - Processing repository for customer with Company Name - sindhu-repo
2020-03-19 06:05:05 INFO  GitHubRepoProcessor:85 - Clone the repository for customer sindhu-repo
2020-03-19 06:05:07 ERROR GitHubRepoProcessor:99 - Not connecting to repository for the customer with company Id - 116861
2020-03-19 06:05:07 ERROR GitHubRepoProcessor:102 - Error while connecting to repository - org.eclipse.jgit.api.errors.TransportException: https://github.com/sujeetsindhu/DepositFiles.git: cannot open git-upload-pack
2020-03-19 06:05:07 INFO  GitHubRepoProcessor:181 - sourceDir.toFile().getName() - repo
2020-03-19 06:05:07 INFO  GitHubRepoProcessor:122 - All deposit repositories processed successfully.... 
2020-03-19 06:06:26 INFO  GitHubRepoProcessor:46 - Starting the Processing...
2020-03-19 06:06:27 INFO  ApplicationProperties:19 - Loading the application properties from Application.properties file....
2020-03-19 06:06:27 INFO  ApplicationProperties:25 - Application properties loaded successfully...
2020-03-19 06:06:27 INFO  GitHubRepoProcessor:53 - Received a request to clone or update the deposits from customer repositories... 
2020-03-19 06:06:27 INFO  GitHubRepoProcessor:131 - Setting up proxy server... 
2020-03-19 06:06:27 INFO  GitHubRepoProcessor:136 - Proxy Server ip - : 192.168.97.41 Proxy Server Port is - 44500
2020-03-19 06:06:27 INFO  GitHubRepoProcessor:174 - Proxy Server setup successfully... 
2020-03-19 06:06:27 INFO  GithubFileService:26 - Loading the GitHub Users details...
2020-03-19 06:06:27 INFO  GithubFileService:39 - GitHub Users details loaded successfully ...
2020-03-19 06:06:27 INFO  GitHubRepoProcessor:70 - Processing repository for customer with Company Name - Menda-dev
2020-03-19 06:06:27 INFO  GitHubRepoProcessor:85 - Clone the repository for customer Menda-dev
2020-03-19 06:06:28 INFO  GitHubRepoProcessor:150 - Connecting through proxy server... 
2020-03-19 06:06:28 INFO  GitHubRepoProcessor:152 - Hitting the HTTPS github URL... 
2020-03-19 06:06:29 ERROR GitHubRepoProcessor:102 - Error while connecting to repository - org.eclipse.jgit.api.errors.TransportException: https://github.com/mlukusa/GitHubDepositFiles.git: cannot open git-upload-pack
2020-03-19 06:06:29 INFO  GitHubRepoProcessor:70 - Processing repository for customer with Company Name - Menda-dev
2020-03-19 06:06:29 INFO  GitHubRepoProcessor:85 - Clone the repository for customer Menda-dev
2020-03-19 06:06:29 INFO  GitHubRepoProcessor:150 - Connecting through proxy server... 
2020-03-19 06:06:29 INFO  GitHubRepoProcessor:152 - Hitting the HTTPS github URL... 
2020-03-19 06:06:29 ERROR GitHubRepoProcessor:99 - Not connecting to repository for the customer with company Id - 116866
2020-03-19 06:06:29 ERROR GitHubRepoProcessor:102 - Error while connecting to repository - org.eclipse.jgit.api.errors.TransportException: https://github.com/mlukusa/GitHubDepositFiles.git: cannot open git-upload-pack
2020-03-19 06:06:30 INFO  GitHubRepoProcessor:70 - Processing repository for customer with Company Name - sindhu-repo
2020-03-19 06:06:30 INFO  GitHubRepoProcessor:85 - Clone the repository for customer sindhu-repo
2020-03-19 06:06:30 INFO  GitHubRepoProcessor:150 - Connecting through proxy server... 
2020-03-19 06:06:30 INFO  GitHubRepoProcessor:152 - Hitting the HTTPS github URL... 
2020-03-19 06:06:30 ERROR GitHubRepoProcessor:102 - Error while connecting to repository - org.eclipse.jgit.api.errors.TransportException: https://github.com/sujeetsindhu/DepositFiles.git: cannot open git-upload-pack
2020-03-19 06:06:30 INFO  GitHubRepoProcessor:70 - Processing repository for customer with Company Name - sindhu-repo
2020-03-19 06:06:30 INFO  GitHubRepoProcessor:85 - Clone the repository for customer sindhu-repo
2020-03-19 06:06:31 INFO  GitHubRepoProcessor:150 - Connecting through proxy server... 
2020-03-19 06:06:31 INFO  GitHubRepoProcessor:152 - Hitting the HTTPS github URL... 
2020-03-19 06:06:31 ERROR GitHubRepoProcessor:99 - Not connecting to repository for the customer with company Id - 116861
2020-03-19 06:06:31 ERROR GitHubRepoProcessor:102 - Error while connecting to repository - org.eclipse.jgit.api.errors.TransportException: https://github.com/sujeetsindhu/DepositFiles.git: cannot open git-upload-pack
2020-03-19 06:06:31 INFO  GitHubRepoProcessor:190 - sourceDir.toFile().getName() - repo
2020-03-19 06:06:31 INFO  GitHubRepoProcessor:122 - All deposit repositories processed successfully.... 
